[0.042s] Invoking command in '/home/mondegrin/programs/slon/ros2_ws/build/slon': CMAKE_PREFIX_PATH=/opt/ros/iron /usr/bin/cmake --build /home/mondegrin/programs/slon/ros2_ws/build/slon -- -j16 -l16
[0.058s] [  2%] Built target slon__rosidl_generator_type_description
[0.064s] [  5%] [32mBuilding CXX object CMakeFiles/main.dir/src/main.cpp.o[0m
[0.066s] [  5%] Built target ament_cmake_python_copy_slon
[0.072s] [  8%] Built target slon__cpp
[0.076s] [ 22%] Built target slon__rosidl_generator_c
[0.092s] [ 38%] Built target slon__rosidl_typesupport_introspection_c
[0.093s] [ 38%] Built target slon__rosidl_typesupport_fastrtps_c
[0.093s] [ 47%] Built target slon__rosidl_typesupport_fastrtps_cpp
[0.095s] [ 55%] Built target slon__rosidl_typesupport_cpp
[0.095s] [ 63%] Built target slon__rosidl_typesupport_c
[0.095s] [ 72%] Built target slon__rosidl_typesupport_introspection_cpp
[0.109s] [ 72%] Built target slon
[0.124s] [ 75%] Built target slon__py
[0.137s] [ 80%] Built target slon__rosidl_generator_py
[0.152s] [ 86%] Built target slon__rosidl_typesupport_fastrtps_c__pyext
[0.154s] [ 91%] Built target slon__rosidl_typesupport_c__pyext
[0.154s] [ 97%] Built target slon__rosidl_typesupport_introspection_c__pyext
[0.177s] [01m[K/home/mondegrin/programs/slon/ros2_ws/src/slon/src/main.cpp:4:10:[m[K [01;31m[Kfatal error: [m[Kslon/msg/gps.hpp: No such file or directory
[0.177s]     4 | #include [01;31m[K"slon/msg/gps.hpp"[m[K
[0.177s]       |          [01;31m[K^~~~~~~~~~~~~~~~~~[m[K
[0.177s] compilation terminated.
[0.179s] gmake[2]: *** [CMakeFiles/main.dir/build.make:76: CMakeFiles/main.dir/src/main.cpp.o] Error 1
[0.179s] gmake[1]: *** [CMakeFiles/Makefile2:623: CMakeFiles/main.dir/all] Error 2
[0.179s] gmake[1]: *** Waiting for unfinished jobs....
[0.205s] running egg_info
[0.205s] writing slon.egg-info/PKG-INFO
[0.206s] writing dependency_links to slon.egg-info/dependency_links.txt
[0.206s] writing top-level names to slon.egg-info/top_level.txt
[0.207s] reading manifest file 'slon.egg-info/SOURCES.txt'
[0.207s] writing manifest file 'slon.egg-info/SOURCES.txt'
[0.223s] [ 97%] Built target ament_cmake_python_build_slon_egg
[0.224s] gmake: *** [Makefile:146: all] Error 2
[0.226s] Invoked command in '/home/mondegrin/programs/slon/ros2_ws/build/slon' returned '2': CMAKE_PREFIX_PATH=/opt/ros/iron /usr/bin/cmake --build /home/mondegrin/programs/slon/ros2_ws/build/slon -- -j16 -l16
