[01m[K/home/mondegrin/programs/slon/ros2_ws/src/slon/src/main.cpp:18:31:[m[K [01;31m[Kerror: [m[Kâ€˜[01m[Kgps__msg__GPS[m[Kâ€™ does not name a type
   18 |     void topic_callback(const [01;31m[Kgps__msg__GPS[m[K& msg) const {
      |                               [01;31m[K^~~~~~~~~~~~~[m[K
[01m[K/home/mondegrin/programs/slon/ros2_ws/src/slon/src/main.cpp:22:26:[m[K [01;31m[Kerror: [m[Kâ€˜[01m[Kgps__msg__GPS[m[Kâ€™ was not declared in this scope
   22 |     rclcpp::Subscription<[01;31m[Kgps__msg__GPS[m[K>::SharedPtr subscription_;
      |                          [01;31m[K^~~~~~~~~~~~~[m[K
[01m[K/home/mondegrin/programs/slon/ros2_ws/src/slon/src/main.cpp:22:39:[m[K [01;31m[Kerror: [m[Ktemplate argument 1 is invalid
   22 |     rclcpp::Subscription<gps__msg__GPS[01;31m[K>[m[K::SharedPtr subscription_;
      |                                       [01;31m[K^[m[K
[01m[K/home/mondegrin/programs/slon/ros2_ws/src/slon/src/main.cpp:22:39:[m[K [01;31m[Kerror: [m[Ktemplate argument 3 is invalid
[01m[K/home/mondegrin/programs/slon/ros2_ws/src/slon/src/main.cpp:22:39:[m[K [01;31m[Kerror: [m[Ktemplate argument 4 is invalid
[01m[K/home/mondegrin/programs/slon/ros2_ws/src/slon/src/main.cpp:22:39:[m[K [01;31m[Kerror: [m[Ktemplate argument 5 is invalid
[01m[K/home/mondegrin/programs/slon/ros2_ws/src/slon/src/main.cpp:22:42:[m[K [01;31m[Kerror: [m[Kexpected â€˜[01m[K;[m[Kâ€™ at end of member declaration
   22 |     rclcpp::Subscription<gps__msg__GPS>::[01;31m[KSharedPtr[m[K subscription_;
      |                                          [01;31m[K^~~~~~~~~[m[K
      |                                                   [32m[K;[m[K
[01m[K/home/mondegrin/programs/slon/ros2_ws/src/slon/src/main.cpp:22:52:[m[K [01;31m[Kerror: [m[Kâ€˜[01m[Ksubscription_[m[Kâ€™ does not name a type; did you mean â€˜[01m[Krmw_subscription_t[m[Kâ€™?
   22 |     rclcpp::Subscription<gps__msg__GPS>::SharedPtr [01;31m[Ksubscription_[m[K;
      |                                                    [01;31m[K^~~~~~~~~~~~~[m[K
      |                                                    [32m[Krmw_subscription_t[m[K
[01m[K/home/mondegrin/programs/slon/ros2_ws/src/slon/src/main.cpp:[m[K In constructor â€˜[01m[KMainSubscriber::MainSubscriber()[m[Kâ€™:
[01m[K/home/mondegrin/programs/slon/ros2_ws/src/slon/src/main.cpp:14:7:[m[K [01;31m[Kerror: [m[Kâ€˜[01m[Ksubscription_[m[Kâ€™ was not declared in this scope; did you mean â€˜[01m[Krmw_subscription_t[m[Kâ€™?
   14 |       [01;31m[Ksubscription_[m[K = this->create_subscription<gps__msg__GPS>("main", 1, std::bind(&MainSubscriber::topic_callback, this, _1));
      |       [01;31m[K^~~~~~~~~~~~~[m[K
      |       [32m[Krmw_subscription_t[m[K
[01m[K/home/mondegrin/programs/slon/ros2_ws/src/slon/src/main.cpp:14:49:[m[K [01;31m[Kerror: [m[Kâ€˜[01m[Kgps__msg__GPS[m[Kâ€™ was not declared in this scope
   14 |       subscription_ = this->create_subscription<[01;31m[Kgps__msg__GPS[m[K>("main", 1, std::bind(&MainSubscriber::topic_callback, this, _1));
      |                                                 [01;31m[K^~~~~~~~~~~~~[m[K
[01m[K/home/mondegrin/programs/slon/ros2_ws/src/slon/src/main.cpp:14:63:[m[K [01;31m[Kerror: [m[Kno matching function for call to â€˜[01m[KMainSubscriber::create_subscription<<expression error> >(const char [5], int, std::_Bind_helper<false, void (MainSubscriber::*)(const int&) const, MainSubscriber*, const std::_Placeholder<1>&>::type)[m[Kâ€™
   14 |       subscription_ = [01;31m[Kthis->create_subscription<gps__msg__GPS>("main", 1, std::bind(&MainSubscriber::topic_callback, this, _1))[m[K;
      |                       [01;31m[K~~~~~~~~~~~~~~~~~~~~~~~~~~~~~~~~~~~~~~~~^~~~~~~~~~~~~~~~~~~~~~~~~~~~~~~~~~~~~~~~~~~~~~~~~~~~~~~~~~~~~~~~~[m[K
In file included from [01m[K/opt/ros/iron/include/rclcpp/rclcpp/executors/single_threaded_executor.hpp:28[m[K,
                 from [01m[K/opt/ros/iron/include/rclcpp/rclcpp/executors.hpp:22[m[K,
                 from [01m[K/opt/ros/iron/include/rclcpp/rclcpp/rclcpp.hpp:167[m[K,
                 from [01m[K/home/mondegrin/programs/slon/ros2_ws/src/slon/src/main.cpp:4[m[K:
[01m[K/opt/ros/iron/include/rclcpp/rclcpp/node.hpp:220:3:[m[K [01;36m[Knote: [m[Kcandidate: â€˜[01m[Ktemplate<class MessageT, class CallbackT, class AllocatorT, class SubscriptionT, class MessageMemoryStrategyT> std::shared_ptr<ROSMessageT> rclcpp::Node::create_subscription(const string&, const rclcpp::QoS&, CallbackT&&, const rclcpp::SubscriptionOptionsWithAllocator<AllocatorT>&, typename MessageMemoryStrategyT::SharedPtr)[m[Kâ€™
  220 |   [01;36m[Kcreate_subscription[m[K(
      |   [01;36m[K^~~~~~~~~~~~~~~~~~~[m[K
[01m[K/opt/ros/iron/include/rclcpp/rclcpp/node.hpp:220:3:[m[K [01;36m[Knote: [m[K  template argument deduction/substitution failed:
[01m[K/home/mondegrin/programs/slon/ros2_ws/src/slon/src/main.cpp:14:63:[m[K [01;31m[Kerror: [m[Ktemplate argument 1 is invalid
   14 |       subscription_ = [01;31m[Kthis->create_subscription<gps__msg__GPS>("main", 1, std::bind(&MainSubscriber::topic_callback, this, _1))[m[K;
      |                       [01;31m[K~~~~~~~~~~~~~~~~~~~~~~~~~~~~~~~~~~~~~~~~^~~~~~~~~~~~~~~~~~~~~~~~~~~~~~~~~~~~~~~~~~~~~~~~~~~~~~~~~~~~~~~~~[m[K
In file included from [01m[K/opt/ros/iron/include/rclcpp/rclcpp/logging.hpp:24[m[K,
                 from [01m[K/opt/ros/iron/include/rclcpp/rclcpp/client.hpp:43[m[K,
                 from [01m[K/opt/ros/iron/include/rclcpp/rclcpp/callback_group.hpp:24[m[K,
                 from [01m[K/opt/ros/iron/include/rclcpp/rclcpp/any_executable.hpp:20[m[K,
                 from [01m[K/opt/ros/iron/include/rclcpp/rclcpp/memory_strategy.hpp:25[m[K,
                 from [01m[K/opt/ros/iron/include/rclcpp/rclcpp/memory_strategies.hpp:18[m[K,
                 from [01m[K/opt/ros/iron/include/rclcpp/rclcpp/executor_options.hpp:20[m[K,
                 from [01m[K/opt/ros/iron/include/rclcpp/rclcpp/executor.hpp:37[m[K,
                 from [01m[K/opt/ros/iron/include/rclcpp/rclcpp/executors/multi_threaded_executor.hpp:25[m[K,
                 from [01m[K/opt/ros/iron/include/rclcpp/rclcpp/executors.hpp:21[m[K,
                 from [01m[K/opt/ros/iron/include/rclcpp/rclcpp/rclcpp.hpp:167[m[K,
                 from [01m[K/home/mondegrin/programs/slon/ros2_ws/src/slon/src/main.cpp:4[m[K:
[01m[K/home/mondegrin/programs/slon/ros2_ws/src/slon/src/main.cpp:[m[K In member function â€˜[01m[Kvoid MainSubscriber::topic_callback(const int&) const[m[Kâ€™:
[01m[K/home/mondegrin/programs/slon/ros2_ws/src/slon/src/main.cpp:19:65:[m[K [01;31m[Kerror: [m[Krequest for member â€˜[01m[Klat[m[Kâ€™ in â€˜[01m[Kmsg[m[Kâ€™, which is of non-class type â€˜[01m[Kconst int[m[Kâ€™
   19 |       RCLCPP_INFO(this->get_logger(), "I heard: (%f | %f)", msg.[01;31m[Klat[m[K, msg.lon);
      |                                                                 [01;31m[K^~~[m[K
[01m[K/home/mondegrin/programs/slon/ros2_ws/src/slon/src/main.cpp:19:74:[m[K [01;31m[Kerror: [m[Krequest for member â€˜[01m[Klon[m[Kâ€™ in â€˜[01m[Kmsg[m[Kâ€™, which is of non-class type â€˜[01m[Kconst int[m[Kâ€™
   19 |       RCLCPP_INFO(this->get_logger(), "I heard: (%f | %f)", msg.lat, msg.[01;31m[Klon[m[K);
      |                                                                          [01;31m[K^~~[m[K
gmake[2]: *** [CMakeFiles/main.dir/build.make:76: CMakeFiles/main.dir/src/main.cpp.o] Error 1
gmake[1]: *** [CMakeFiles/Makefile2:137: CMakeFiles/main.dir/all] Error 2
gmake: *** [Makefile:146: all] Error 2
