[0.034s] Invoking command in '/home/mondegrin/programs/slon/ros2_ws/build/slon': CMAKE_PREFIX_PATH=${CMAKE_PREFIX_PATH}:/opt/ros/iron /usr/bin/cmake --build /home/mondegrin/programs/slon/ros2_ws/build/slon -- -j16 -l16
[0.047s] -- Found ament_cmake: 2.0.3 (/opt/ros/iron/share/ament_cmake/cmake)
[0.140s] -- Found rclcpp: 21.0.3 (/opt/ros/iron/share/rclcpp/cmake)
[0.733s] -- Found rosidl_generator_c: 4.0.1 (/opt/ros/iron/share/rosidl_generator_c/cmake)
[0.738s] -- Found rosidl_generator_cpp: 4.0.1 (/opt/ros/iron/share/rosidl_generator_cpp/cmake)
[0.745s] -- Using all available rosidl_typesupport_c: rosidl_typesupport_fastrtps_c;rosidl_typesupport_introspection_c
[0.754s] -- Using all available rosidl_typesupport_cpp: rosidl_typesupport_fastrtps_cpp;rosidl_typesupport_introspection_cpp
[0.847s] -- Found rmw_implementation_cmake: 7.1.0 (/opt/ros/iron/share/rmw_implementation_cmake/cmake)
[0.847s] -- Found rmw_fastrtps_cpp: 7.1.1 (/opt/ros/iron/share/rmw_fastrtps_cpp/cmake)
[22.028s] -- Using RMW implementation 'rmw_fastrtps_cpp' as default
[22.125s] -- Found std_msgs: 5.0.0 (/opt/ros/iron/share/std_msgs/cmake)
[22.143s] -- Found std_srvs: 5.0.0 (/opt/ros/iron/share/std_srvs/cmake)
[22.171s] -- Found gps: 0.0.0 (/home/mondegrin/programs/slon/ros2_ws/install/gps/share/gps/cmake)
[22.179s] -- Found ament_lint_auto: 0.14.2 (/opt/ros/iron/share/ament_lint_auto/cmake)
[22.219s] -- Added test 'cppcheck' to perform static code analysis on C / C++ code
[22.219s] -- Configured cppcheck include dirs: $<BUILD_INTERFACE:/home/mondegrin/programs/slon/ros2_ws/src/slon/include>
[22.220s] -- Configured cppcheck exclude dirs and/or files: 
[22.220s] -- Added test 'lint_cmake' to check CMake code style
[22.220s] -- Added test 'uncrustify' to check C / C++ code style
[22.220s] -- Configured uncrustify additional arguments: 
[22.220s] -- Added test 'xmllint' to check XML markup files
[22.220s] -- Configuring done
[22.227s] -- Generating done
[22.229s] -- Build files have been written to: /home/mondegrin/programs/slon/ros2_ws/build/slon
[22.245s] [35m[1mConsolidate compiler generated dependencies of target main[0m
[22.253s] [ 50%] [32mBuilding CXX object CMakeFiles/main.dir/src/main.cpp.o[0m
[23.893s] [01m[K/home/mondegrin/programs/slon/ros2_ws/src/slon/src/main.cpp:17:31:[m[K [01;31m[Kerror: [m[Kâ€˜[01m[Kslon[m[Kâ€™ does not name a type
[23.893s]    17 |     void topic_callback(const [01;31m[Kslon[m[K::msg::GPS& msg) const {
[23.893s]       |                               [01;31m[K^~~~[m[K
[23.893s] [01m[K/home/mondegrin/programs/slon/ros2_ws/src/slon/src/main.cpp:17:40:[m[K [01;31m[Kerror: [m[Kexpected unqualified-id before â€˜[01m[K::[m[Kâ€™ token
[23.893s]    17 |     void topic_callback(const slon::msg[01;31m[K::[m[KGPS& msg) const {
[23.893s]       |                                        [01;31m[K^~[m[K
[23.893s] [01m[K/home/mondegrin/programs/slon/ros2_ws/src/slon/src/main.cpp:17:40:[m[K [01;31m[Kerror: [m[Kexpected â€˜[01m[K)[m[Kâ€™ before â€˜[01m[K::[m[Kâ€™ token
[23.893s]    17 |     void topic_callback[34m[K([m[Kconst slon::msg[01;31m[K:[m[K[32m[K:[m[KGPS& msg) const {
[23.893s]       |                        [34m[K~[m[K               [01;31m[K^[m[K[32m[K~[m[K
[23.893s]       |                                        [32m[K)[m[K
[23.894s] [01m[K/home/mondegrin/programs/slon/ros2_ws/src/slon/src/main.cpp:17:37:[m[K [01;31m[Kerror: [m[Kexpected â€˜[01m[K;[m[Kâ€™ at end of member declaration
[23.894s]    17 |     void topic_callback(const slon::[01;31m[Kmsg[m[K::GPS& msg) const {
[23.894s]       |                                     [01;31m[K^~~[m[K
[23.894s]       |                                        [32m[K;[m[K
[23.895s] [01m[K/home/mondegrin/programs/slon/ros2_ws/src/slon/src/main.cpp:17:42:[m[K [01;31m[Kerror: [m[Kâ€˜[01m[KGPS[m[Kâ€™ in namespace â€˜[01m[K::[m[Kâ€™ does not name a type
[23.895s]    17 |     void topic_callback(const slon::msg::[01;31m[KGPS[m[K& msg) const {
[23.895s]       |                                          [01;31m[K^~~[m[K
[23.899s] [01m[K/home/mondegrin/programs/slon/ros2_ws/src/slon/src/main.cpp:21:26:[m[K [01;31m[Kerror: [m[Kâ€˜[01m[Kslon[m[Kâ€™ was not declared in this scope
[23.899s]    21 |     rclcpp::Subscription<[01;31m[Kslon[m[K::msg::GPS>::SharedPtr subscription_;
[23.899s]       |                          [01;31m[K^~~~[m[K
[23.899s] [01m[K/home/mondegrin/programs/slon/ros2_ws/src/slon/src/main.cpp:21:40:[m[K [01;31m[Kerror: [m[Ktemplate argument 1 is invalid
[23.899s]    21 |     rclcpp::Subscription<slon::msg::GPS[01;31m[K>[m[K::SharedPtr subscription_;
[23.899s]       |                                        [01;31m[K^[m[K
[23.899s] [01m[K/home/mondegrin/programs/slon/ros2_ws/src/slon/src/main.cpp:21:40:[m[K [01;31m[Kerror: [m[Ktemplate argument 3 is invalid
[23.899s] [01m[K/home/mondegrin/programs/slon/ros2_ws/src/slon/src/main.cpp:21:40:[m[K [01;31m[Kerror: [m[Ktemplate argument 4 is invalid
[23.899s] [01m[K/home/mondegrin/programs/slon/ros2_ws/src/slon/src/main.cpp:21:40:[m[K [01;31m[Kerror: [m[Ktemplate argument 5 is invalid
[23.899s] [01m[K/home/mondegrin/programs/slon/ros2_ws/src/slon/src/main.cpp:21:43:[m[K [01;31m[Kerror: [m[Kexpected â€˜[01m[K;[m[Kâ€™ at end of member declaration
[23.899s]    21 |     rclcpp::Subscription<slon::msg::GPS>::[01;31m[KSharedPtr[m[K subscription_;
[23.899s]       |                                           [01;31m[K^~~~~~~~~[m[K
[23.899s]       |                                                    [32m[K;[m[K
[23.900s] [01m[K/home/mondegrin/programs/slon/ros2_ws/src/slon/src/main.cpp:21:53:[m[K [01;31m[Kerror: [m[Kâ€˜[01m[Ksubscription_[m[Kâ€™ does not name a type; did you mean â€˜[01m[Krmw_subscription_t[m[Kâ€™?
[23.900s]    21 |     rclcpp::Subscription<slon::msg::GPS>::SharedPtr [01;31m[Ksubscription_[m[K;
[23.900s]       |                                                     [01;31m[K^~~~~~~~~~~~~[m[K
[23.900s]       |                                                     [32m[Krmw_subscription_t[m[K
[23.906s] [01m[K/home/mondegrin/programs/slon/ros2_ws/src/slon/src/main.cpp:[m[K In constructor â€˜[01m[KMainSubscriber::MainSubscriber()[m[Kâ€™:
[23.906s] [01m[K/home/mondegrin/programs/slon/ros2_ws/src/slon/src/main.cpp:13:7:[m[K [01;31m[Kerror: [m[Kâ€˜[01m[Ksubscription_[m[Kâ€™ was not declared in this scope; did you mean â€˜[01m[Krmw_subscription_t[m[Kâ€™?
[23.906s]    13 |       [01;31m[Ksubscription_[m[K = this->create_subscription<slon::msg::GPS>("main", 1, std::bind(&MainSubscriber::topic_callback, this, _1));
[23.906s]       |       [01;31m[K^~~~~~~~~~~~~[m[K
[23.906s]       |       [32m[Krmw_subscription_t[m[K
[23.909s] [01m[K/home/mondegrin/programs/slon/ros2_ws/src/slon/src/main.cpp:13:49:[m[K [01;31m[Kerror: [m[Kâ€˜[01m[Kslon[m[Kâ€™ was not declared in this scope
[23.909s]    13 |       subscription_ = this->create_subscription<[01;31m[Kslon[m[K::msg::GPS>("main", 1, std::bind(&MainSubscriber::topic_callback, this, _1));
[23.909s]       |                                                 [01;31m[K^~~~[m[K
[23.909s] [01m[K/home/mondegrin/programs/slon/ros2_ws/src/slon/src/main.cpp:13:29:[m[K [01;31m[Kerror: [m[Kparse error in template argument list
[23.909s]    13 |       subscription_ = this->[01;31m[Kcreate_subscription<slon::msg::GPS>[m[K("main", 1, std::bind(&MainSubscriber::topic_callback, this, _1));
[23.909s]       |                             [01;31m[K^~~~~~~~~~~~~~~~~~~~~~~~~~~~~~~~~~~[m[K
[23.913s] [01m[K/home/mondegrin/programs/slon/ros2_ws/src/slon/src/main.cpp:13:64:[m[K [01;31m[Kerror: [m[Kno matching function for call to â€˜[01m[KMainSubscriber::create_subscription<<expression error> >(const char [5], int, std::_Bind_helper<false, void (MainSubscriber::*)(...), MainSubscriber*, const std::_Placeholder<1>&>::type)[m[Kâ€™
[23.913s]    13 |       subscription_ = [01;31m[Kthis->create_subscription<slon::msg::GPS>("main", 1, std::bind(&MainSubscriber::topic_callback, this, _1))[m[K;
[23.913s]       |                       [01;31m[K~~~~~~~~~~~~~~~~~~~~~~~~~~~~~~~~~~~~~~~~~^~~~~~~~~~~~~~~~~~~~~~~~~~~~~~~~~~~~~~~~~~~~~~~~~~~~~~~~~~~~~~~~~[m[K
[23.913s] In file included from [01m[K/opt/ros/iron/include/rclcpp/rclcpp/executors/single_threaded_executor.hpp:28[m[K,
[23.913s]                  from [01m[K/opt/ros/iron/include/rclcpp/rclcpp/executors.hpp:22[m[K,
[23.913s]                  from [01m[K/opt/ros/iron/include/rclcpp/rclcpp/rclcpp.hpp:167[m[K,
[23.913s]                  from [01m[K/home/mondegrin/programs/slon/ros2_ws/src/slon/src/main.cpp:3[m[K:
[23.913s] [01m[K/opt/ros/iron/include/rclcpp/rclcpp/node.hpp:220:3:[m[K [01;36m[Knote: [m[Kcandidate: â€˜[01m[Ktemplate<class MessageT, class CallbackT, class AllocatorT, class SubscriptionT, class MessageMemoryStrategyT> std::shared_ptr<ROSMessageT> rclcpp::Node::create_subscription(const string&, const rclcpp::QoS&, CallbackT&&, const rclcpp::SubscriptionOptionsWithAllocator<AllocatorT>&, typename MessageMemoryStrategyT::SharedPtr)[m[Kâ€™
[23.913s]   220 |   [01;36m[Kcreate_subscription[m[K(
[23.913s]       |   [01;36m[K^~~~~~~~~~~~~~~~~~~[m[K
[23.913s] [01m[K/opt/ros/iron/include/rclcpp/rclcpp/node.hpp:220:3:[m[K [01;36m[Knote: [m[K  template argument deduction/substitution failed:
[23.913s] [01m[K/home/mondegrin/programs/slon/ros2_ws/src/slon/src/main.cpp:13:64:[m[K [01;31m[Kerror: [m[Ktemplate argument 1 is invalid
[23.913s]    13 |       subscription_ = [01;31m[Kthis->create_subscription<slon::msg::GPS>("main", 1, std::bind(&MainSubscriber::topic_callback, this, _1))[m[K;
[23.913s]       |                       [01;31m[K~~~~~~~~~~~~~~~~~~~~~~~~~~~~~~~~~~~~~~~~~^~~~~~~~~~~~~~~~~~~~~~~~~~~~~~~~~~~~~~~~~~~~~~~~~~~~~~~~~~~~~~~~~[m[K
[24.544s] gmake[2]: *** [CMakeFiles/main.dir/build.make:76: CMakeFiles/main.dir/src/main.cpp.o] Error 1
[24.544s] gmake[1]: *** [CMakeFiles/Makefile2:137: CMakeFiles/main.dir/all] Error 2
[24.544s] gmake: *** [Makefile:146: all] Error 2
[24.545s] Invoked command in '/home/mondegrin/programs/slon/ros2_ws/build/slon' returned '2': CMAKE_PREFIX_PATH=${CMAKE_PREFIX_PATH}:/opt/ros/iron /usr/bin/cmake --build /home/mondegrin/programs/slon/ros2_ws/build/slon -- -j16 -l16
