[0.038s] Invoking command in '/home/mondegrin/programs/slon/ros2_ws/build/slon': CMAKE_PREFIX_PATH=${CMAKE_PREFIX_PATH}:/opt/ros/iron /usr/bin/cmake --build /home/mondegrin/programs/slon/ros2_ws/build/slon -- -j16 -l16
[0.060s] [35m[1mConsolidate compiler generated dependencies of target main[0m
[0.070s] [ 50%] [32mBuilding CXX object CMakeFiles/main.dir/src/main.cpp.o[0m
[1.798s] [01m[K/home/mondegrin/programs/slon/ros2_ws/src/slon/src/main.cpp:[m[K In constructor â€˜[01m[KMainSubscriber::MainSubscriber()[m[Kâ€™:
[1.798s] [01m[K/home/mondegrin/programs/slon/ros2_ws/src/slon/src/main.cpp:13:7:[m[K [01;31m[Kerror: [m[Kâ€˜[01m[Ksubscription_[m[Kâ€™ was not declared in this scope; did you mean â€˜[01m[Krmw_subscription_t[m[Kâ€™?
[1.798s]    13 |       [01;31m[Ksubscription_[m[K = this->create_subscription<gps__msg__GPS>("main", 1, std::bind(&MainSubscriber::topic_callback, this, _1));
[1.798s]       |       [01;31m[K^~~~~~~~~~~~~[m[K
[1.798s]       |       [32m[Krmw_subscription_t[m[K
[3.098s] gmake[2]: *** [CMakeFiles/main.dir/build.make:76: CMakeFiles/main.dir/src/main.cpp.o] Error 1
[3.098s] gmake[1]: *** [CMakeFiles/Makefile2:137: CMakeFiles/main.dir/all] Error 2
[3.098s] gmake: *** [Makefile:146: all] Error 2
[3.100s] Invoked command in '/home/mondegrin/programs/slon/ros2_ws/build/slon' returned '2': CMAKE_PREFIX_PATH=${CMAKE_PREFIX_PATH}:/opt/ros/iron /usr/bin/cmake --build /home/mondegrin/programs/slon/ros2_ws/build/slon -- -j16 -l16
